  Renderer.cpp
d:\csc5802\coursework\coursework\coursework1 v2\renderer.cpp(164): warning C4244: 'argument': conversion from 'double' to 'const float', possible loss of data
d:\csc5802\coursework\coursework\coursework1 v2\renderer.cpp(178): warning C4244: 'argument': conversion from 'double' to 'const float', possible loss of data
d:\csc5802\coursework\coursework\coursework1 v2\renderer.cpp(196): warning C4244: 'argument': conversion from 'double' to 'const float', possible loss of data
d:\csc5802\coursework\coursework\coursework1 v2\renderer.cpp(433): warning C4244: 'return': conversion from 'float' to 'int', possible loss of data
d:\csc5802\coursework\coursework\coursework1 v2\renderer.cpp(447): warning C4244: 'argument': conversion from 'float' to 'int', possible loss of data
ParticleEmitter.obj : warning LNK4049: locally defined symbol ___glewActiveTexture imported
Renderer.obj : warning LNK4049: locally defined symbol ___glewActiveTexture imported
ParticleEmitter.obj : warning LNK4049: locally defined symbol ___glewBindBuffer imported
ParticleEmitter.obj : warning LNK4049: locally defined symbol ___glewBufferData imported
ParticleEmitter.obj : warning LNK4049: locally defined symbol ___glewBufferSubData imported
ParticleEmitter.obj : warning LNK4049: locally defined symbol ___glewDeleteBuffers imported
ParticleEmitter.obj : warning LNK4049: locally defined symbol ___glewGenBuffers imported
ParticleEmitter.obj : warning LNK4049: locally defined symbol ___glewEnableVertexAttribArray imported
ParticleEmitter.obj : warning LNK4049: locally defined symbol ___glewVertexAttribPointer imported
ParticleEmitter.obj : warning LNK4049: locally defined symbol ___glewBindVertexArray imported
Renderer.obj : warning LNK4049: locally defined symbol ___glewGetUniformLocation imported
Renderer.obj : warning LNK4049: locally defined symbol ___glewUniform1f imported
Renderer.obj : warning LNK4049: locally defined symbol ___glewUniform1i imported
Renderer.obj : warning LNK4049: locally defined symbol ___glewUniform3fv imported
Renderer.obj : warning LNK4049: locally defined symbol ___glewUniform4fv imported
Renderer.obj : warning LNK4049: locally defined symbol ___glewUniformMatrix4fv imported
Renderer.obj : warning LNK4049: locally defined symbol ___glewUseProgram imported
glew32.lib(glew.obj) : warning LNK4099: PDB 'vc120.pdb' was not found with 'glew32.lib(glew.obj)' or at 'D:\CSC5802\Coursework\Coursework\Debug\vc120.pdb'; linking object as if no debug info
  CourseWork1 v2.vcxproj -> D:\CSC5802\Coursework\Coursework\Debug\CourseWork1 v2.exe
  CourseWork1 v2.vcxproj -> D:\CSC5802\Coursework\Coursework\Debug\CourseWork1 v2.pdb (Partial PDB)
