e:\csc5802\lectures and tutorials\graphics code 2015\nclgl\debug\nclgl.pdb
e:\csc5802\lectures and tutorials\graphics code 2015\nclgl\debug\nclgl.idb
e:\csc5802\lectures and tutorials\graphics code 2015\nclgl\debug\camera.obj
e:\csc5802\lectures and tutorials\graphics code 2015\nclgl\debug\gametimer.obj
e:\csc5802\lectures and tutorials\graphics code 2015\nclgl\debug\keyboard.obj
e:\csc5802\lectures and tutorials\graphics code 2015\nclgl\debug\matrix4.obj
e:\csc5802\lectures and tutorials\graphics code 2015\nclgl\debug\md5anim.obj
e:\csc5802\lectures and tutorials\graphics code 2015\nclgl\debug\md5filedata.obj
e:\csc5802\lectures and tutorials\graphics code 2015\nclgl\debug\md5mesh.obj
e:\csc5802\lectures and tutorials\graphics code 2015\nclgl\debug\md5node.obj
e:\csc5802\lectures and tutorials\graphics code 2015\nclgl\debug\mesh.obj
e:\csc5802\lectures and tutorials\graphics code 2015\nclgl\debug\mouse.obj
e:\csc5802\lectures and tutorials\graphics code 2015\nclgl\debug\objmesh.obj
e:\csc5802\lectures and tutorials\graphics code 2015\nclgl\debug\oglrenderer.obj
e:\csc5802\lectures and tutorials\graphics code 2015\nclgl\debug\quaternion.obj
e:\csc5802\lectures and tutorials\graphics code 2015\nclgl\debug\shader.obj
e:\csc5802\lectures and tutorials\graphics code 2015\nclgl\debug\window.obj
e:\csc5802\lectures and tutorials\graphics code 2015\graphics for games\debug\nclgl.lib
e:\csc5802\lectures and tutorials\graphics code 2015\graphics for games\debug\nclgl.pdb
e:\csc5802\lectures and tutorials\graphics code 2015\nclgl\debug\nclgl.tlog\cl.command.1.tlog
e:\csc5802\lectures and tutorials\graphics code 2015\nclgl\debug\nclgl.tlog\cl.read.1.tlog
e:\csc5802\lectures and tutorials\graphics code 2015\nclgl\debug\nclgl.tlog\cl.write.1.tlog
e:\csc5802\lectures and tutorials\graphics code 2015\nclgl\debug\nclgl.tlog\lib-link.read.1.tlog
e:\csc5802\lectures and tutorials\graphics code 2015\nclgl\debug\nclgl.tlog\lib-link.write.1.tlog
e:\csc5802\lectures and tutorials\graphics code 2015\nclgl\debug\nclgl.tlog\lib.command.1.tlog
